2022-01-31 08:23:21,255:utility.py:logger_app:INFO:hello!
2022-01-31 08:30:12,088:utility.py:logger_app:INFO:hello!
2022-01-31 08:30:47,261:utility.py:logger_app:INFO:hello!
2022-01-31 08:31:06,011:utility.py:logger_app:INFO:hello!
2022-01-31 08:33:33,310:utility.py:logger_app:INFO:hello!
2022-01-31 08:35:50,037:utility.py:logger_app:INFO:hello!
2022-01-31 08:36:08,935:utility.py:logger_app:INFO:hello!
2022-01-31 08:36:53,233:utility.py:logger_app:INFO:hello!
2022-01-31 08:36:53,312:acctransaction.py:logger_app:INFO:hello from trans
2022-01-31 08:45:11,988:utility.py:logger_app:INFO:hello!
2022-01-31 08:45:12,076:acctransaction.py:logger_app:INFO:hello from trans
2022-01-31 08:46:08,263:utility.py:logger_app:INFO:hello!
2022-01-31 08:46:08,350:acctransaction.py:logger_app:INFO:hello from trans
2022-01-31 08:48:55,756:utility.py:logger_app:INFO:hello!
2022-01-31 08:49:05,223:utility.py:logger_app:INFO:hello!
2022-01-31 08:49:05,314:acctransaction.py:logger_app:INFO:hello from trans
2022-01-31 08:51:40,280:utility.py:logger_app:INFO:hello!
2022-01-31 08:51:40,363:acctransaction.py:logger_app:INFO:hello from trans
2022-01-31 08:51:40,387:acctransaction.py:logger_app:INFO:found the account
2022-01-31 08:51:40,403:acctransaction.py:logger_app:INFO:Withdraw transaction succeeded
2022-01-31 08:51:40,406:acctransaction.py:logger_app:INFO:Transaction id: 20172; amount withdrawn: 10 account balance: 310.0 
2022-01-31 08:51:40,406:acctransaction.py:logger_app:INFO:Withdraw transaction succeeded
2022-01-31 10:35:29,283:utility.py:logger_app:INFO:hello!
2022-01-31 10:35:29,456:acctransaction.py:logger_app:INFO:hello from trans
2022-01-31 10:35:29,681:acctransaction.py:logger_app:INFO:Deposit transaction succeeded
2022-01-31 10:36:39,262:utility.py:logger_app:INFO:hello!
2022-01-31 10:36:39,359:acctransaction.py:logger_app:INFO:hello from trans
2022-01-31 10:36:39,411:acctransaction.py:logger_app:INFO:Deposit transaction succeeded
2022-01-31 10:36:58,998:utility.py:logger_app:INFO:hello!
2022-01-31 10:36:59,078:acctransaction.py:logger_app:INFO:hello from trans
2022-01-31 10:36:59,118:acctransaction.py:logger_app:INFO:Deposit transaction succeeded
2022-01-31 10:38:20,167:utility.py:logger_app:INFO:hello!
2022-01-31 10:38:20,249:acctransaction.py:logger_app:INFO:hello from trans
2022-01-31 10:38:20,292:acctransaction.py:logger_app:INFO:Deposit transaction succeeded
2022-01-31 10:45:18,965:utility.py:logger_app:INFO:hello!
2022-01-31 10:45:19,122:acctransaction.py:logger_app:INFO:hello from trans
2022-01-31 10:45:19,188:acctransaction.py:logger_app:INFO:Deposit transaction succeeded
2022-01-31 10:45:19,191:acctransaction.py:logger_app:INFO:Transaction id: 37; amount deposited: 25.0; account balance: 420.0 
2022-01-31 10:45:54,372:utility.py:logger_app:INFO:hello!
2022-01-31 10:45:54,450:acctransaction.py:logger_app:INFO:hello from trans
2022-01-31 10:45:54,493:acctransaction.py:logger_app:INFO:Deposit transaction succeeded
2022-01-31 10:45:54,494:acctransaction.py:logger_app:INFO:Transaction id: 38; amount deposited: 25.0; account balance: 445.0 
2022-01-31 10:47:39,723:utility.py:logger_app:INFO:hello!
2022-01-31 10:47:50,759:utility.py:logger_app:INFO:hello!
2022-01-31 10:47:50,879:utility.py:logger_app:INFO:Deposit transaction succeeded
2022-01-31 10:47:50,885:utility.py:logger_app:INFO:Transaction id: 39; amount deposited: 25.0; account balance: 470.0 
2022-01-31 10:51:27,477:acctransaction.py:logger_app:INFO:Deposit transaction succeeded
2022-01-31 10:51:27,480:acctransaction.py:logger_app:INFO:Transaction id: 41; amount deposited: 25.0; account balance: 520.0 
2022-02-01 16:47:33,228:customer.py:logger_app:INFO:100
2022-02-01 16:47:33,229:customer.py:logger_app:INFO:'NoneType' object has no attribute 'query'
2022-02-01 16:48:35,306:customer.py:logger_app:INFO:100
2022-02-01 16:50:21,483:customer.py:logger_app:INFO:101
2022-02-02 07:17:40,449:customer.py:logger_app:INFO:169
2022-02-02 07:17:40,464:customer.py:logger_app:INFO:No row was found when one was required
2022-02-02 07:17:40,464:customer.py:logger_app:INFO:144
2022-02-02 07:18:50,478:customer.py:logger_app:INFO:169
2022-02-02 07:18:50,478:customer.py:logger_app:INFO:No row was found when one was required
2022-02-02 07:18:50,478:customer.py:logger_app:INFO:144
2022-02-02 07:19:04,613:customer.py:logger_app:INFO:169
2022-02-02 07:19:04,613:customer.py:logger_app:INFO:No row was found when one was required
2022-02-02 07:19:04,613:customer.py:logger_app:INFO:144
2022-02-02 07:20:44,968:customer.py:logger_app:INFO:169
2022-02-02 07:20:44,984:customer.py:logger_app:INFO:No row was found when one was required
2022-02-02 07:20:44,984:customer.py:logger_app:INFO:144
2022-02-02 07:32:18,970:customer.py:logger_app:INFO:169
2022-02-02 07:32:18,970:customer.py:logger_app:INFO:No row was found when one was required
2022-02-02 07:32:18,970:customer.py:logger_app:INFO:144
2022-02-02 07:33:07,803:customer.py:logger_app:INFO:169
2022-02-02 07:33:07,803:customer.py:logger_app:INFO:No row was found when one was required
2022-02-02 07:33:07,803:customer.py:logger_app:INFO:144
2022-02-02 07:34:03,564:customer.py:logger_app:INFO:169
2022-02-02 07:34:03,564:customer.py:logger_app:INFO:No row was found when one was required
2022-02-02 07:34:03,564:customer.py:logger_app:INFO:144
2022-02-02 07:35:48,703:customer.py:logger_app:INFO:169
2022-02-02 07:35:48,703:customer.py:logger_app:INFO:No row was found when one was required
2022-02-02 07:35:48,703:customer.py:logger_app:INFO:144
2022-02-02 11:36:59,264:customer.py:logger_app:INFO:101
2022-02-02 11:37:37,888:customer.py:logger_app:INFO:101
2022-02-02 11:37:51,677:customer.py:logger_app:INFO:101
2022-02-02 11:38:54,671:customer.py:logger_app:INFO:101
2022-02-02 11:39:50,451:customer.py:logger_app:INFO:101
2022-02-02 11:40:28,605:customer.py:logger_app:INFO:101
2022-02-02 12:07:15,595:customer.py:logger_app:INFO:101
2022-02-02 12:12:02,096:customer.py:logger_app:INFO:101
2022-02-02 12:17:19,394:customer.py:logger_app:INFO:101
2022-02-02 12:23:54,408:customer.py:logger_app:INFO:101
2022-02-02 12:24:51,924:customer.py:logger_app:INFO:101
2022-02-02 12:25:30,370:customer.py:logger_app:INFO:101
2022-02-02 14:55:43,357:customer.py:logger_app:INFO:169
2022-02-02 14:55:43,357:customer.py:logger_app:INFO:No row was found when one was required
2022-02-02 14:55:43,357:customer.py:logger_app:INFO:144
